#
# There is insufficient memory for the Java Runtime Environment to continue.
# Native memory allocation (mmap) failed to map 105906176 bytes for committing reserved memory.
# Possible reasons:
#   The system is out of physical RAM or swap space
#   In 32 bit mode, the process size limit was hit
# Possible solutions:
#   Reduce memory load on the system
#   Increase physical memory or swap space
#   Check if swap backing store is full
#   Use 64 bit Java on a 64 bit OS
#   Decrease Java heap size (-Xmx/-Xms)
#   Decrease number of Java threads
#   Decrease Java thread stack sizes (-Xss)
#   Set larger code cache with -XX:ReservedCodeCacheSize=
# This output file may be truncated or incomplete.
#
#  Out of Memory Error (os_linux.cpp:2640), pid=14732, tid=0x00007fc0b19a6700
#
# JRE version: OpenJDK Runtime Environment (8.0_144-b01) (build 1.8.0_144-b01)
# Java VM: OpenJDK 64-Bit Server VM (25.144-b01 mixed mode linux-amd64 compressed oops)
# Core dump written. Default location: /home/preston/IdeaProjects/ktq-gradle/core or core.14732
#

---------------  T H R E A D  ---------------

Current thread (0x00007fc0d0080800):  VMThread [stack: 0x00007fc0b18a6000,0x00007fc0b19a7000] [id=14746]

Stack: [0x00007fc0b18a6000,0x00007fc0b19a7000],  sp=0x00007fc0b19a5490,  free space=1021k
Native frames: (J=compiled Java code, j=interpreted, Vv=VM code, C=native code)
V  [libjvm.so+0xaa3d82]
V  [libjvm.so+0x4d85e7]
V  [libjvm.so+0x8e0be0]
V  [libjvm.so+0x8db29e]
V  [libjvm.so+0x95af06]
V  [libjvm.so+0x95c278]
V  [libjvm.so+0x958876]
V  [libjvm.so+0x958c0c]
V  [libjvm.so+0x907808]
V  [libjvm.so+0xaa59e2]
V  [libjvm.so+0xaaaa76]
V  [libjvm.so+0xaa82a1]
V  [libjvm.so+0xaa9743]
V  [libjvm.so+0xaa9b27]
V  [libjvm.so+0x8de152]

VM_Operation (0x00007fc0b01caa30): ParallelGCFailedAllocation, mode: safepoint, requested by thread 0x00007fc0d0472000


---------------  P R O C E S S  ---------------

Java Threads: ( => current thread )
  0x00007fc06057c000 JavaThread "process reaper" daemon [_thread_blocked, id=14765, stack(0x00007fc0b0098000,0x00007fc0b00d1000)]
  0x00007fc0d047e800 JavaThread "/127.0.0.1:32982 to /127.0.0.1:39539 workers Thread 3" [_thread_in_native, id=14763, stack(0x00007fc0abdfe000,0x00007fc0abeff000)]
  0x00007fc0d04c7800 JavaThread "/127.0.0.1:32982 to /127.0.0.1:39539 workers Thread 2" [_thread_blocked, id=14762, stack(0x00007fc0abeff000,0x00007fc0ac000000)]
  0x00007fc0d0472000 JavaThread "Test worker" [_thread_blocked, id=14761, stack(0x00007fc0b00d1000,0x00007fc0b01d2000)]
  0x00007fc0d012c800 JavaThread "Service Thread" daemon [_thread_blocked, id=14754, stack(0x00007fc0b0e22000,0x00007fc0b0f23000)]
  0x00007fc0d0121800 JavaThread "C1 CompilerThread3" daemon [_thread_blocked, id=14753, stack(0x00007fc0b0f23000,0x00007fc0b1024000)]
  0x00007fc0d011f800 JavaThread "C2 CompilerThread2" daemon [_thread_blocked, id=14752, stack(0x00007fc0b1024000,0x00007fc0b1125000)]
  0x00007fc0d011d000 JavaThread "C2 CompilerThread1" daemon [_thread_blocked, id=14751, stack(0x00007fc0b1125000,0x00007fc0b1226000)]
  0x00007fc0d011b800 JavaThread "C2 CompilerThread0" daemon [_thread_blocked, id=14750, stack(0x00007fc0b1226000,0x00007fc0b1327000)]
  0x00007fc0d0119000 JavaThread "Signal Dispatcher" daemon [_thread_blocked, id=14749, stack(0x00007fc0b1327000,0x00007fc0b1428000)]
  0x00007fc0d008c800 JavaThread "Finalizer" daemon [_thread_blocked, id=14748, stack(0x00007fc0b16a4000,0x00007fc0b17a5000)]
  0x00007fc0d0088000 JavaThread "Reference Handler" daemon [_thread_blocked, id=14747, stack(0x00007fc0b17a5000,0x00007fc0b18a6000)]
  0x00007fc0d000a800 JavaThread "main" [_thread_blocked, id=14737, stack(0x00007fc0d74ba000,0x00007fc0d75bb000)]

Other Threads:
=>0x00007fc0d0080800 VMThread [stack: 0x00007fc0b18a6000,0x00007fc0b19a7000] [id=14746]
  0x00007fc0d012f000 WatcherThread [stack: 0x00007fc0b0d21000,0x00007fc0b0e22000] [id=14755]

VM state:at safepoint (normal execution)

VM Mutex/Monitor currently owned by a thread:  ([mutex/lock_event])
[0x00007fc0d0007080] Threads_lock - owner thread: 0x00007fc0d0080800
[0x00007fc0d0007580] Heap_lock - owner thread: 0x00007fc0d0472000

Heap:
 PSYoungGen      total 134144K, used 7149K [0x00000000d6d80000, 0x00000000df780000, 0x0000000100000000)
  eden space 126976K, 0% used [0x00000000d6d80000,0x00000000d6d80000,0x00000000de980000)
  from space 7168K, 99% used [0x00000000de980000,0x00000000df07b638,0x00000000df080000)
  to   space 7168K, 0% used [0x00000000df080000,0x00000000df080000,0x00000000df780000)
 ParOldGen       total 48640K, used 19959K [0x0000000084800000, 0x0000000087780000, 0x00000000d6d80000)
  object space 48640K, 41% used [0x0000000084800000,0x0000000085b7df00,0x0000000087780000)
 Metaspace       used 27900K, capacity 28234K, committed 28720K, reserved 1075200K
  class space    used 3638K, capacity 3763K, committed 3888K, reserved 1048576K

Card table byte_map: [0x00007fc0c0c23000,0x00007fc0c1000000] byte_map_base: 0x00007fc0c07ff000

Marking Bits: (ParMarkBitMap*) 0x00007fc0d67ba120
 Begin Bits: [0x00007fc0b8240000, 0x00007fc0ba120000)
 End Bits:   [0x00007fc0ba120000, 0x00007fc0bc000000)

Polling page: 0x00007fc0d75f8000

CodeCache: size=245760Kb used=7348Kb max_used=7348Kb free=238411Kb
 bounds [0x00007fc0c1000000, 0x00007fc0c1740000, 0x00007fc0d0000000]
 total_blobs=2480 nmethods=2063 adapters=331
 compilation: enabled

Compilation events (10 events):
Event: 3.218 Thread 0x00007fc0d0121800 nmethod 2065 0x00007fc0c172d510 code [0x00007fc0c172d680, 0x00007fc0c172d908]
Event: 3.218 Thread 0x00007fc0d0121800 2067       3       org.jetbrains.kotlin.com.intellij.util.containers.ConcurrentWeakKeySoftValueHashMap::get (73 bytes)
Event: 3.219 Thread 0x00007fc0d0121800 nmethod 2067 0x00007fc0c172b390 code [0x00007fc0c172b640, 0x00007fc0c172ca08]
Event: 3.219 Thread 0x00007fc0d0121800 2066       1       org.jetbrains.kotlin.com.intellij.util.containers.hash.LinkedHashMap$Entry::access$500 (5 bytes)
Event: 3.219 Thread 0x00007fc0d0121800 nmethod 2066 0x00007fc0c171fc50 code [0x00007fc0c171fda0, 0x00007fc0c171fe90]
Event: 3.219 Thread 0x00007fc0d0121800 2068       3       org.jetbrains.kotlin.com.intellij.util.containers.ConcurrentWeakKeySoftValueHashMap::createHardKey (63 bytes)
Event: 3.220 Thread 0x00007fc0d0121800 nmethod 2068 0x00007fc0c1731050 code [0x00007fc0c17312e0, 0x00007fc0c1732448]
Event: 3.220 Thread 0x00007fc0d0121800 2069       3       org.jetbrains.kotlin.com.intellij.util.containers.ConcurrentWeakKeySoftValueHashMap$HardKey::access$200 (7 bytes)
Event: 3.220 Thread 0x00007fc0d0121800 nmethod 2069 0x00007fc0c172afd0 code [0x00007fc0c172b140, 0x00007fc0c172b2a8]
Event: 3.220 Thread 0x00007fc0d0121800 2070       3       org.jetbrains.kotlin.com.intellij.util.containers.ConcurrentWeakKeySoftValueHashMap$HardKey::set (51 bytes)

GC Heap History (10 events):
Event: 1.598 GC heap after
Heap after GC invocations=3 (full 0):
 PSYoungGen      total 36864K, used 5100K [0x00000000d6d80000, 0x00000000db580000, 0x0000000100000000)
  eden space 31744K, 0% used [0x00000000d6d80000,0x00000000d6d80000,0x00000000d8c80000)
  from space 5120K, 99% used [0x00000000d8c80000,0x00000000d917b238,0x00000000d9180000)
  to   space 5120K, 0% used [0x00000000db080000,0x00000000db080000,0x00000000db580000)
 ParOldGen       total 84992K, used 1962K [0x0000000084800000, 0x0000000089b00000, 0x00000000d6d80000)
  object space 84992K, 2% used [0x0000000084800000,0x00000000849ea8c0,0x0000000089b00000)
 Metaspace       used 16243K, capacity 16494K, committed 16768K, reserved 1064960K
  class space    used 1998K, capacity 2083K, committed 2176K, reserved 1048576K
}
Event: 1.666 GC heap before
{Heap before GC invocations=4 (full 0):
 PSYoungGen      total 36864K, used 36844K [0x00000000d6d80000, 0x00000000db580000, 0x0000000100000000)
  eden space 31744K, 100% used [0x00000000d6d80000,0x00000000d8c80000,0x00000000d8c80000)
  from space 5120K, 99% used [0x00000000d8c80000,0x00000000d917b238,0x00000000d9180000)
  to   space 5120K, 0% used [0x00000000db080000,0x00000000db080000,0x00000000db580000)
 ParOldGen       total 84992K, used 1962K [0x0000000084800000, 0x0000000089b00000, 0x00000000d6d80000)
  object space 84992K, 2% used [0x0000000084800000,0x00000000849ea8c0,0x0000000089b00000)
 Metaspace       used 16607K, capacity 16846K, committed 17024K, reserved 1064960K
  class space    used 2049K, capacity 2115K, committed 2176K, reserved 1048576K
Event: 1.669 GC heap after
Heap after GC invocations=4 (full 0):
 PSYoungGen      total 68608K, used 3995K [0x00000000d6d80000, 0x00000000db580000, 0x0000000100000000)
  eden space 63488K, 0% used [0x00000000d6d80000,0x00000000d6d80000,0x00000000dab80000)
  from space 5120K, 78% used [0x00000000db080000,0x00000000db466dc0,0x00000000db580000)
  to   space 5120K, 0% used [0x00000000dab80000,0x00000000dab80000,0x00000000db080000)
 ParOldGen       total 84992K, used 1970K [0x0000000084800000, 0x0000000089b00000, 0x00000000d6d80000)
  object space 84992K, 2% used [0x0000000084800000,0x00000000849ec8c0,0x0000000089b00000)
 Metaspace       used 16607K, capacity 16846K, committed 17024K, reserved 1064960K
  class space    used 2049K, capacity 2115K, committed 2176K, reserved 1048576K
}
Event: 1.954 GC heap before
{Heap before GC invocations=5 (full 0):
 PSYoungGen      total 68608K, used 67483K [0x00000000d6d80000, 0x00000000db580000, 0x0000000100000000)
  eden space 63488K, 100% used [0x00000000d6d80000,0x00000000dab80000,0x00000000dab80000)
  from space 5120K, 78% used [0x00000000db080000,0x00000000db466dc0,0x00000000db580000)
  to   space 5120K, 0% used [0x00000000dab80000,0x00000000dab80000,0x00000000db080000)
 ParOldGen       total 84992K, used 1970K [0x0000000084800000, 0x0000000089b00000, 0x00000000d6d80000)
  object space 84992K, 2% used [0x0000000084800000,0x00000000849ec8c0,0x0000000089b00000)
 Metaspace       used 19123K, capacity 19348K, committed 19584K, reserved 1067008K
  class space    used 2509K, capacity 2604K, committed 2688K, reserved 1048576K
Event: 1.959 GC heap after
Heap after GC invocations=5 (full 0):
 PSYoungGen      total 68608K, used 5105K [0x00000000d6d80000, 0x00000000df780000, 0x0000000100000000)
  eden space 63488K, 0% used [0x00000000d6d80000,0x00000000d6d80000,0x00000000dab80000)
  from space 5120K, 99% used [0x00000000dab80000,0x00000000db07c768,0x00000000db080000)
  to   space 7168K, 0% used [0x00000000df080000,0x00000000df080000,0x00000000df780000)
 ParOldGen       total 84992K, used 2790K [0x0000000084800000, 0x0000000089b00000, 0x00000000d6d80000)
  object space 84992K, 3% used [0x0000000084800000,0x0000000084ab98a0,0x0000000089b00000)
 Metaspace       used 19123K, capacity 19348K, committed 19584K, reserved 1067008K
  class space    used 2509K, capacity 2604K, committed 2688K, reserved 1048576K
}
Event: 2.102 GC heap before
{Heap before GC invocations=6 (full 0):
 PSYoungGen      total 68608K, used 21070K [0x00000000d6d80000, 0x00000000df780000, 0x0000000100000000)
  eden space 63488K, 25% used [0x00000000d6d80000,0x00000000d7d170c0,0x00000000dab80000)
  from space 5120K, 99% used [0x00000000dab80000,0x00000000db07c768,0x00000000db080000)
  to   space 7168K, 0% used [0x00000000df080000,0x00000000df080000,0x00000000df780000)
 ParOldGen       total 84992K, used 2790K [0x0000000084800000, 0x0000000089b00000, 0x00000000d6d80000)
  object space 84992K, 3% used [0x0000000084800000,0x0000000084ab98a0,0x0000000089b00000)
 Metaspace       used 20813K, capacity 21096K, committed 21296K, reserved 1067008K
  class space    used 2741K, capacity 2846K, committed 2864K, reserved 1048576K
Event: 2.107 GC heap after
Heap after GC invocations=6 (full 0):
 PSYoungGen      total 134144K, used 6043K [0x00000000d6d80000, 0x00000000df780000, 0x0000000100000000)
  eden space 126976K, 0% used [0x00000000d6d80000,0x00000000d6d80000,0x00000000de980000)
  from space 7168K, 84% used [0x00000000df080000,0x00000000df666d98,0x00000000df780000)
  to   space 7168K, 0% used [0x00000000de980000,0x00000000de980000,0x00000000df080000)
 ParOldGen       total 84992K, used 2798K [0x0000000084800000, 0x0000000089b00000, 0x00000000d6d80000)
  object space 84992K, 3% used [0x0000000084800000,0x0000000084abb8a0,0x0000000089b00000)
 Metaspace       used 20813K, capacity 21096K, committed 21296K, reserved 1067008K
  class space    used 2741K, capacity 2846K, committed 2864K, reserved 1048576K
}
Event: 2.107 GC heap before
{Heap before GC invocations=7 (full 1):
 PSYoungGen      total 134144K, used 6043K [0x00000000d6d80000, 0x00000000df780000, 0x0000000100000000)
  eden space 126976K, 0% used [0x00000000d6d80000,0x00000000d6d80000,0x00000000de980000)
  from space 7168K, 84% used [0x00000000df080000,0x00000000df666d98,0x00000000df780000)
  to   space 7168K, 0% used [0x00000000de980000,0x00000000de980000,0x00000000df080000)
 ParOldGen       total 84992K, used 2798K [0x0000000084800000, 0x0000000089b00000, 0x00000000d6d80000)
  object space 84992K, 3% used [0x0000000084800000,0x0000000084abb8a0,0x0000000089b00000)
 Metaspace       used 20813K, capacity 21096K, committed 21296K, reserved 1067008K
  class space    used 2741K, capacity 2846K, committed 2864K, reserved 1048576K
Event: 2.126 GC heap after
Heap after GC invocations=7 (full 1):
 PSYoungGen      total 134144K, used 0K [0x00000000d6d80000, 0x00000000df780000, 0x0000000100000000)
  eden space 126976K, 0% used [0x00000000d6d80000,0x00000000d6d80000,0x00000000de980000)
  from space 7168K, 0% used [0x00000000df080000,0x00000000df080000,0x00000000df780000)
  to   space 7168K, 0% used [0x00000000de980000,0x00000000de980000,0x00000000df080000)
 ParOldGen       total 48640K, used 5829K [0x0000000084800000, 0x0000000087780000, 0x00000000d6d80000)
  object space 48640K, 11% used [0x0000000084800000,0x0000000084db1708,0x0000000087780000)
 Metaspace       used 20813K, capacity 21096K, committed 21296K, reserved 1067008K
  class space    used 2741K, capacity 2846K, committed 2864K, reserved 1048576K
}
Event: 3.220 GC heap before
{Heap before GC invocations=8 (full 1):
 PSYoungGen      total 134144K, used 126976K [0x00000000d6d80000, 0x00000000df780000, 0x0000000100000000)
  eden space 126976K, 100% used [0x00000000d6d80000,0x00000000de980000,0x00000000de980000)
  from space 7168K, 0% used [0x00000000df080000,0x00000000df080000,0x00000000df780000)
  to   space 7168K, 0% used [0x00000000de980000,0x00000000de980000,0x00000000df080000)
 ParOldGen       total 48640K, used 5829K [0x0000000084800000, 0x0000000087780000, 0x00000000d6d80000)
  object space 48640K, 11% used [0x0000000084800000,0x0000000084db1708,0x0000000087780000)
 Metaspace       used 27900K, capacity 28234K, committed 28720K, reserved 1075200K
  class space    used 3638K, capacity 3763K, committed 3888K, reserved 1048576K

Deoptimization events (10 events):
Event: 2.360 Thread 0x00007fc0d0472000 Uncommon trap: reason=unstable_if action=reinterpret pc=0x00007fc0c1528614 method=org.jetbrains.kotlin.com.intellij.openapi.vfs.impl.ZipHandler.getOrCreate(Ljava/lang/String;Ljava/util/Map;Ljava/util/zip/ZipFile;)Lorg/jetbrains/kotlin/com/intellij/openapi
Event: 2.387 Thread 0x00007fc0d0472000 Uncommon trap: reason=unstable_if action=reinterpret pc=0x00007fc0c12739a0 method=sun.nio.cs.UTF_8$Decoder.decode([BII[C)I @ 30
Event: 2.387 Thread 0x00007fc0d0472000 Uncommon trap: reason=unstable_if action=reinterpret pc=0x00007fc0c1549014 method=org.jetbrains.kotlin.com.intellij.util.text.ByteArrayCharSequence.convertToBytesIfAsciiString(Ljava/lang/CharSequence;)Ljava/lang/CharSequence; @ 113
Event: 2.429 Thread 0x00007fc0d0472000 Uncommon trap: reason=unstable_if action=reinterpret pc=0x00007fc0c13a5520 method=java.util.HashMap.hash(Ljava/lang/Object;)I @ 1
Event: 2.434 Thread 0x00007fc0d0472000 Uncommon trap: reason=unstable_if action=reinterpret pc=0x00007fc0c13c4b04 method=java.lang.ThreadLocal$ThreadLocalMap.getEntry(Ljava/lang/ThreadLocal;)Ljava/lang/ThreadLocal$ThreadLocalMap$Entry; @ 29
Event: 2.570 Thread 0x00007fc0d0472000 Uncommon trap: reason=unstable_if action=reinterpret pc=0x00007fc0c15c2c94 method=org.jetbrains.kotlin.parsing.SemanticWhitespaceAwarePsiBuilderImpl.getJoinedTokenType(Lorg/jetbrains/kotlin/com/intellij/psi/tree/IElementType;I)Lorg/jetbrains/kotlin/com/in
Event: 2.572 Thread 0x00007fc0d0472000 Uncommon trap: reason=unstable_if action=reinterpret pc=0x00007fc0c15d3130 method=org.jetbrains.kotlin.parsing.SemanticWhitespaceAwarePsiBuilderImpl.getJoinedTokenType(Lorg/jetbrains/kotlin/com/intellij/psi/tree/IElementType;I)Lorg/jetbrains/kotlin/com/in
Event: 2.615 Thread 0x00007fc0d0472000 Uncommon trap: reason=unstable_if action=reinterpret pc=0x00007fc0c163d1e8 method=org.jetbrains.kotlin.com.intellij.psi.impl.source.tree.TreeElement.setTreeParent(Lorg/jetbrains/kotlin/com/intellij/psi/impl/source/tree/CompositeElement;)V @ 28
Event: 2.838 Thread 0x00007fc0d0472000 Uncommon trap: reason=unstable_if action=reinterpret pc=0x00007fc0c1526d20 method=org.jetbrains.kotlin.com.intellij.util.SmartList.get(I)Ljava/lang/Object; @ 56
Event: 3.085 Thread 0x00007fc0d0472000 Uncommon trap: reason=class_check action=maybe_recompile pc=0x00007fc0c1399c38 method=java.util.HashMap.putVal(ILjava/lang/Object;Ljava/lang/Object;ZZ)Ljava/lang/Object; @ 203

Internal exceptions (10 events):
Event: 0.658 Thread 0x00007fc0d000a800 Exception <a 'java/lang/ArrayIndexOutOfBoundsException'> (0x00000000d77bcac8) thrown at [/build/java8-openjdk/src/jdk8u-jdk8u144-b01/hotspot/src/share/vm/runtime/sharedRuntime.cpp, line 605]
Event: 0.658 Thread 0x00007fc0d000a800 Exception <a 'java/lang/ArrayIndexOutOfBoundsException'> (0x00000000d77bd920) thrown at [/build/java8-openjdk/src/jdk8u-jdk8u144-b01/hotspot/src/share/vm/runtime/sharedRuntime.cpp, line 605]
Event: 1.506 Thread 0x00007fc0d0472000 Exception <a 'java/lang/NoSuchMethodError': java.lang.Object.lambda$comparing$77a9974f$1(Ljava/util/function/Function;Ljava/lang/Object;Ljava/lang/Object;)I> (0x00000000d7e91fe8) thrown at [/build/java8-openjdk/src/jdk8u-jdk8u144-b01/hotspot/src/share/vm/
Event: 1.967 Thread 0x00007fc0d0472000 Exception <a 'java/lang/NoSuchMethodError': java.lang.Object.lambda$static$0(I)[Lorg/jetbrains/kotlin/com/intellij/openapi/editor/event/DocumentListener;> (0x00000000d6e419d0) thrown at [/build/java8-openjdk/src/jdk8u-jdk8u144-b01/hotspot/src/share/vm/int
Event: 1.993 Thread 0x00007fc0d0472000 Exception <a 'java/lang/NoSuchMethodError': java.lang.Object.lambda$static$0(I)[Lorg/jetbrains/kotlin/com/intellij/psi/PsiAnnotation;> (0x00000000d71abb58) thrown at [/build/java8-openjdk/src/jdk8u-jdk8u144-b01/hotspot/src/share/vm/interpreter/linkResolve
Event: 2.205 Thread 0x00007fc0d0472000 Implicit null exception at 0x00007fc0c126c3b5 to 0x00007fc0c126c759
Event: 2.210 Thread 0x00007fc0d0472000 Implicit null exception at 0x00007fc0c11fdf76 to 0x00007fc0c11fe31d
Event: 2.429 Thread 0x00007fc0d0472000 Implicit null exception at 0x00007fc0c13a4d5b to 0x00007fc0c13a5505
Event: 2.615 Thread 0x00007fc0d0472000 Implicit null exception at 0x00007fc0c163d010 to 0x00007fc0c163d1d6
Event: 2.617 Thread 0x00007fc0d0472000 Exception <a 'java/lang/NoSuchMethodError': java.lang.Object.lambda$static$0(I)[Lorg/jetbrains/kotlin/psi/KtExpression;> (0x00000000db809e18) thrown at [/build/java8-openjdk/src/jdk8u-jdk8u144-b01/hotspot/src/share/vm/interpreter/linkResolver.cpp, line 58

Events (10 events):
Event: 3.217 loading class org/jetbrains/kotlin/resolve/ObservableBindingTrace done
Event: 3.218 loading class org/jetbrains/kotlin/load/kotlin/DeserializedDescriptorResolver$Companion
Event: 3.218 loading class org/jetbrains/kotlin/load/kotlin/DeserializedDescriptorResolver$Companion done
Event: 3.218 loading class org/jetbrains/kotlin/load/kotlin/header/KotlinClassHeader$Kind
Event: 3.218 loading class org/jetbrains/kotlin/load/kotlin/header/KotlinClassHeader$Kind done
Event: 3.219 loading class org/jetbrains/kotlin/load/kotlin/header/KotlinClassHeader$Kind$Companion
Event: 3.219 loading class org/jetbrains/kotlin/load/kotlin/header/KotlinClassHeader$Kind$Companion done
Event: 3.220 loading class org/jetbrains/kotlin/load/java/components/TraceBasedErrorReporter$Companion
Event: 3.220 loading class org/jetbrains/kotlin/load/java/components/TraceBasedErrorReporter$Companion done
Event: 3.220 Executing VM operation: ParallelGCFailedAllocation


Dynamic libraries:
84800000-87780000 rw-p 00000000 00:00 0 
87780000-d6d80000 ---p 00000000 00:00 0 
d6d80000-df780000 rw-p 00000000 00:00 0 
e5c80000-100000000 ---p 00000000 00:00 0 
100000000-1003cc000 rw-p 00000000 00:00 0 
1003cc000-140000000 ---p 00000000 00:00 0 
55af9a6c2000-55af9a6c3000 r-xp 00000000 08:04 943352                     /usr/lib/jvm/java-8-openjdk/jre/bin/java
55af9a8c2000-55af9a8c3000 r--p 00000000 08:04 943352                     /usr/lib/jvm/java-8-openjdk/jre/bin/java
55af9a8c3000-55af9a8c4000 rw-p 00001000 08:04 943352                     /usr/lib/jvm/java-8-openjdk/jre/bin/java
55af9be04000-55af9be25000 rw-p 00000000 00:00 0                          [heap]
7fc04c000000-7fc04c021000 rw-p 00000000 00:00 0 
7fc04c021000-7fc050000000 ---p 00000000 00:00 0 
7fc054000000-7fc054021000 rw-p 00000000 00:00 0 
7fc054021000-7fc058000000 ---p 00000000 00:00 0 
7fc058000000-7fc0580a6000 rw-p 00000000 00:00 0 
7fc0580a6000-7fc05c000000 ---p 00000000 00:00 0 
7fc05c000000-7fc05c021000 rw-p 00000000 00:00 0 
7fc05c021000-7fc060000000 ---p 00000000 00:00 0 
7fc060000000-7fc060903000 rw-p 00000000 00:00 0 
7fc060903000-7fc064000000 ---p 00000000 00:00 0 
7fc064000000-7fc064725000 rw-p 00000000 00:00 0 
7fc064725000-7fc068000000 ---p 00000000 00:00 0 
7fc068000000-7fc068021000 rw-p 00000000 00:00 0 
7fc068021000-7fc06c000000 ---p 00000000 00:00 0 
7fc06c000000-7fc06cac9000 rw-p 00000000 00:00 0 
7fc06cac9000-7fc070000000 ---p 00000000 00:00 0 
7fc070000000-7fc070b2a000 rw-p 00000000 00:00 0 
7fc070b2a000-7fc074000000 ---p 00000000 00:00 0 
7fc074000000-7fc074021000 rw-p 00000000 00:00 0 
7fc074021000-7fc078000000 ---p 00000000 00:00 0 
7fc078000000-7fc07897e000 rw-p 00000000 00:00 0 
7fc07897e000-7fc07c000000 ---p 00000000 00:00 0 
7fc07c000000-7fc07c021000 rw-p 00000000 00:00 0 
7fc07c021000-7fc080000000 ---p 00000000 00:00 0 
7fc080000000-7fc080021000 rw-p 00000000 00:00 0 
7fc080021000-7fc084000000 ---p 00000000 00:00 0 
7fc084000000-7fc084021000 rw-p 00000000 00:00 0 
7fc084021000-7fc088000000 ---p 00000000 00:00 0 
7fc088000000-7fc088021000 rw-p 00000000 00:00 0 
7fc088021000-7fc08c000000 ---p 00000000 00:00 0 
7fc08c000000-7fc08c021000 rw-p 00000000 00:00 0 
7fc08c021000-7fc090000000 ---p 00000000 00:00 0 
7fc094000000-7fc094021000 rw-p 00000000 00:00 0 
7fc094021000-7fc098000000 ---p 00000000 00:00 0 
7fc09c000000-7fc09c021000 rw-p 00000000 00:00 0 
7fc09c021000-7fc0a0000000 ---p 00000000 00:00 0 
7fc0a4000000-7fc0a4021000 rw-p 00000000 00:00 0 
7fc0a4021000-7fc0a8000000 ---p 00000000 00:00 0 
7fc0aaae6000-7fc0aab26000 rw-p 00000000 00:00 0 
7fc0aab26000-7fc0aace6000 ---p 00000000 00:00 0 
7fc0aace6000-7fc0aaee6000 rw-p 00000000 00:00 0 
7fc0aaee6000-7fc0ab0e6000 rw-p 00000000 00:00 0 
7fc0ab0e6000-7fc0ab0fd000 r-xp 00000000 00:26 739495                     /tmp/jna--318263005/jna3097166470947301985.tmp (deleted)
7fc0ab0fd000-7fc0ab1fc000 ---p 00017000 00:26 739495                     /tmp/jna--318263005/jna3097166470947301985.tmp (deleted)
7fc0ab1fc000-7fc0ab1fe000 rw-p 00016000 00:26 739495                     /tmp/jna--318263005/jna3097166470947301985.tmp (deleted)
7fc0ab1fe000-7fc0ab3fe000 rw-p 00000000 00:00 0 
7fc0ab3fe000-7fc0ab5fe000 rw-p 00000000 00:00 0 
7fc0ab5fe000-7fc0ab7fe000 rw-p 00000000 00:00 0 
7fc0ab7fe000-7fc0ab9fe000 rw-p 00000000 00:00 0 
7fc0ab9fe000-7fc0abbfe000 rw-p 00000000 00:00 0 
7fc0abbfe000-7fc0abdfe000 rw-p 00000000 00:00 0 
7fc0abdfe000-7fc0abe01000 ---p 00000000 00:00 0 
7fc0abe01000-7fc0abeff000 rw-p 00000000 00:00 0 
7fc0abeff000-7fc0abf02000 ---p 00000000 00:00 0 
7fc0abf02000-7fc0ac000000 rw-p 00000000 00:00 0 
7fc0ac000000-7fc0ac021000 rw-p 00000000 00:00 0 
7fc0ac021000-7fc0b0000000 ---p 00000000 00:00 0 
7fc0b0096000-7fc0b0097000 rwxp 00000000 00:00 0 
7fc0b0097000-7fc0b0098000 r--p 00000000 00:00 0 
7fc0b0098000-7fc0b009b000 ---p 00000000 00:00 0 
7fc0b009b000-7fc0b00d1000 rw-p 00000000 00:00 0 
7fc0b00d1000-7fc0b00d4000 ---p 00000000 00:00 0 
7fc0b00d4000-7fc0b01d2000 rw-p 00000000 00:00 0 
7fc0b01d2000-7fc0b01e3000 r-xp 00000000 08:04 943423                     /usr/lib/jvm/java-8-openjdk/jre/lib/amd64/libnio.so
7fc0b01e3000-7fc0b03e3000 ---p 00011000 08:04 943423                     /usr/lib/jvm/java-8-openjdk/jre/lib/amd64/libnio.so
7fc0b03e3000-7fc0b03e4000 r--p 00011000 08:04 943423                     /usr/lib/jvm/java-8-openjdk/jre/lib/amd64/libnio.so
7fc0b03e4000-7fc0b03e5000 rw-p 00012000 08:04 943423                     /usr/lib/jvm/java-8-openjdk/jre/lib/amd64/libnio.so
7fc0b03e5000-7fc0b03ea000 r--s 0009a000 08:04 943375                     /usr/lib/jvm/java-8-openjdk/jre/lib/jsse.jar
7fc0b03ea000-7fc0b041b000 rw-p 00000000 00:00 0 
7fc0b041b000-7fc0b0432000 r-xp 00000000 08:04 943421                     /usr/lib/jvm/java-8-openjdk/jre/lib/amd64/libnet.so
7fc0b0432000-7fc0b0631000 ---p 00017000 08:04 943421                     /usr/lib/jvm/java-8-openjdk/jre/lib/amd64/libnet.so
7fc0b0631000-7fc0b0632000 r--p 00016000 08:04 943421                     /usr/lib/jvm/java-8-openjdk/jre/lib/amd64/libnet.so
7fc0b0632000-7fc0b0633000 rw-p 00017000 08:04 943421                     /usr/lib/jvm/java-8-openjdk/jre/lib/amd64/libnet.so
7fc0b0633000-7fc0b063b000 r--s 00045000 08:04 1064305                    /home/preston/.gradle/wrapper/dists/gradle-4.1-all/bzyivzo6n839fup2jbap0tjew/gradle-4.1/lib/plugins/junit-4.12.jar
7fc0b063b000-7fc0b0640000 r--s 00041000 08:04 1064221                    /home/preston/.gradle/wrapper/dists/gradle-4.1-all/bzyivzo6n839fup2jbap0tjew/gradle-4.1/lib/commons-lang-2.6.jar
7fc0b0640000-7fc0b0644000 r--s 00026000 08:04 1064199                    /home/preston/.gradle/wrapper/dists/gradle-4.1-all/bzyivzo6n839fup2jbap0tjew/gradle-4.1/lib/kryo-2.20.jar
7fc0b0644000-7fc0b0648000 r--s 00012000 08:04 1064227                    /home/preston/.gradle/wrapper/dists/gradle-4.1-all/bzyivzo6n839fup2jbap0tjew/gradle-4.1/lib/native-platform-0.14.jar
7fc0b0648000-7fc0b064a000 r--s 00000000 08:04 1064204                    /home/preston/.gradle/wrapper/dists/gradle-4.1-all/bzyivzo6n839fup2jbap0tjew/gradle-4.1/lib/jul-to-slf4j-1.7.10.jar
7fc0b064a000-7fc0b064c000 r--s 00006000 08:04 1064190                    /home/preston/.gradle/wrapper/dists/gradle-4.1-all/bzyivzo6n839fup2jbap0tjew/gradle-4.1/lib/gradle-process-services-4.1.jar
7fc0b064c000-7fc0b0652000 r--s 0002e000 08:04 1064272                    /home/preston/.gradle/wrapper/dists/gradle-4.1-all/bzyivzo6n839fup2jbap0tjew/gradle-4.1/lib/plugins/gradle-testing-jvm-4.1.jar
7fc0b0652000-7fc0b0656000 r--s 00017000 08:04 1064280                    /home/preston/.gradle/wrapper/dists/gradle-4.1-all/bzyivzo6n839fup2jbap0tjew/gradle-4.1/lib/plugins/gradle-testing-base-4.1.jar
7fc0b0656000-7fc0b0659000 r--s 0000c000 08:04 1064192                    /home/preston/.gradle/wrapper/dists/gradle-4.1-all/bzyivzo6n839fup2jbap0tjew/gradle-4.1/lib/gradle-native-4.1.jar
7fc0b0659000-7fc0b0665000 r--s 00053000 08:04 1064197                    /home/preston/.gradle/wrapper/dists/gradle-4.1-all/bzyivzo6n839fup2jbap0tjew/gradle-4.1/lib/gradle-base-services-4.1.jar
7fc0b0665000-7fc0b066b000 r--s 0002b000 08:04 1064196                    /home/preston/.gradle/wrapper/dists/gradle-4.1-all/bzyivzo6n839fup2jbap0tjew/gradle-4.1/lib/gradle-messaging-4.1.jar
7fc0b066b000-7fc0b0672000 r--s 0002c000 08:04 1064189                    /home/preston/.gradle/wrapper/dists/gradle-4.1-all/bzyivzo6n839fup2jbap0tjew/gradle-4.1/lib/gradle-logging-4.1.jar
7fc0b0672000-7fc0b06bc000 r--s 00253000 08:04 1064187                    /home/preston/.gradle/wrapper/dists/gradle-4.1-all/bzyivzo6n839fup2jbap0tjew/gradle-4.1/lib/gradle-core-4.1.jar
7fc0b06bc000-7fc0b06eb000 r--s 0022e000 08:04 2152462                    /home/preston/.gradle/caches/modules-2/files-2.1/com.google.guava/guava/22.0-android/7b2fc7ef242f35bc2c9a3b816ed846c9345e3f95/guava-22.0-android.jar
7fc0b06eb000-7fc0b071e000 r--s 00230000 08:04 1603284                    /home/preston/.gradle/caches/modules-2/files-2.1/org.jetbrains.kotlin/kotlin-reflect/1.1.61/bb6da1a122c3fba2f7ee5c71946441e4f756fad4/kotlin-reflect-1.1.61.jar
7fc0b071e000-7fc0b075b000 rw-p 00000000 00:00 0 
7fc0b075b000-7fc0b0913000 r--s 01858000 08:04 679861                     /home/preston/.gradle/caches/modules-2/files-2.1/org.jetbrains.kotlin/kotlin-compiler-embeddable/1.1.60/e0ea7c24d46acc433ece025023868bf9ffe5e437/kotlin-compiler-embeddable-1.1.60.jar
7fc0b0913000-7fc0b0983000 r--s 00645000 08:04 1064223                    /home/preston/.gradle/wrapper/dists/gradle-4.1-all/bzyivzo6n839fup2jbap0tjew/gradle-4.1/lib/groovy-all-2.4.11.jar
7fc0b0983000-7fc0b09f2000 rw-p 00000000 00:00 0 
7fc0b09f2000-7fc0b0d21000 r--s 05734000 08:04 664543                     /home/preston/.gradle/caches/4.1/generated-gradle-jars/gradle-api-4.1.jar
7fc0b0d21000-7fc0b0d22000 ---p 00000000 00:00 0 
7fc0b0d22000-7fc0b0e22000 rw-p 00000000 00:00 0 
7fc0b0e22000-7fc0b0e25000 ---p 00000000 00:00 0 
7fc0b0e25000-7fc0b0f23000 rw-p 00000000 00:00 0 
7fc0b0f23000-7fc0b0f26000 ---p 00000000 00:00 0 
7fc0b0f26000-7fc0b1024000 rw-p 00000000 00:00 0 
7fc0b1024000-7fc0b1027000 ---p 00000000 00:00 0 
7fc0b1027000-7fc0b1125000 rw-p 00000000 00:00 0 
7fc0b1125000-7fc0b1128000 ---p 00000000 00:00 0 
7fc0b1128000-7fc0b1226000 rw-p 00000000 00:00 0 
7fc0b1226000-7fc0b1229000 ---p 00000000 00:00 0 
7fc0b1229000-7fc0b1327000 rw-p 00000000 00:00 0 
7fc0b1327000-7fc0b132a000 ---p 00000000 00:00 0 
7fc0b132a000-7fc0b1428000 rw-p 00000000 00:00 0 
7fc0b1428000-7fc0b14be000 r--s 008dd000 08:04 949276                     /usr/lib/jvm/java-8-openjdk/jre/lib/ext/jfxrt.jar
7fc0b14be000-7fc0b16a4000 r--p 00000000 08:04 874670                     /usr/lib/locale/locale-archive
7fc0b16a4000-7fc0b16a7000 ---p 00000000 00:00 0 
7fc0b16a7000-7fc0b17a5000 rw-p 00000000 00:00 0 
7fc0b17a5000-7fc0b17a8000 ---p 00000000 00:00 0 
7fc0b17a8000-7fc0b18a6000 rw-p 00000000 00:00 0 
7fc0b18a6000-7fc0b18a7000 ---p 00000000 00:00 0 
7fc0b18a7000-7fc0b4000000 rw-p 00000000 00:00 0 
7fc0b4000000-7fc0b4021000 rw-p 00000000 00:00 0 
7fc0b4021000-7fc0b8000000 ---p 00000000 00:00 0 
7fc0b8000000-7fc0b8001000 r--s 00007000 08:04 1064207                    /home/preston/.gradle/wrapper/dists/gradle-4.1-all/bzyivzo6n839fup2jbap0tjew/gradle-4.1/lib/slf4j-api-1.7.10.jar
7fc0b8001000-7fc0b8003000 r--s 00005000 08:04 1064198                    /home/preston/.gradle/wrapper/dists/gradle-4.1-all/bzyivzo6n839fup2jbap0tjew/gradle-4.1/lib/gradle-cli-4.1.jar
7fc0b8003000-7fc0b8005000 r--s 00003000 08:04 2622481                    /home/preston/.gradle/caches/modules-2/files-2.1/org.jetbrains/annotations/13.0/919f0dfe192fb4e063e7dacadee7f8bb9a2672a9/annotations-13.0.jar
7fc0b8005000-7fc0b8006000 r--s 00013000 08:04 2622913                    /home/preston/.gradle/caches/modules-2/files-2.1/com.squareup.okio/okio/1.13.0/a9283170b7305c8d92d25aff02a6ab7e45d06cbe/okio-1.13.0.jar
7fc0b8006000-7fc0b8007000 r--s 00000000 08:04 686413                     /home/preston/.gradle/caches/modules-2/files-2.1/org.codehaus.mojo/animal-sniffer-annotations/1.14/775b7e22fb10026eed3f86e8dc556dfafe35f2d5/animal-sniffer-annotations-1.14.jar
7fc0b8007000-7fc0b8009000 r--s 00001000 08:04 686412                     /home/preston/.gradle/caches/modules-2/files-2.1/com.google.j2objc/j2objc-annotations/1.1/ed28ded51a8b1c6b112568def5f4b455e6809019/j2objc-annotations-1.1.jar
7fc0b8009000-7fc0b800f000 r--s 0005c000 08:04 2622919                    /home/preston/.gradle/caches/modules-2/files-2.1/com.squareup.okhttp3/okhttp/3.8.1/4d060ca3190df0eda4dc13415532a12e15ca5f11/okhttp-3.8.1.jar
7fc0b800f000-7fc0b8072000 rw-p 00000000 00:00 0 
7fc0b8072000-7fc0b8240000 r--s 03c15000 08:04 943366                     /usr/lib/jvm/java-8-openjdk/jre/lib/rt.jar
7fc0b8240000-7fc0bc000000 rw-p 00000000 00:00 0 
7fc0bc000000-7fc0bc021000 rw-p 00000000 00:00 0 
7fc0bc021000-7fc0c0000000 ---p 00000000 00:00 0 
7fc0c0000000-7fc0c0003000 r--s 00006000 08:04 686411                     /home/preston/.gradle/caches/modules-2/files-2.1/com.google.code.findbugs/jsr305/1.3.9/40719ea6961c0cb6afaeb6a921eaa1f6afd4cfdf/jsr305-1.3.9.jar
7fc0c0003000-7fc0c0007000 r--s 00016000 08:04 2622909                    /home/preston/.gradle/caches/modules-2/files-2.1/javax.servlet/javax.servlet-api/4.0.0/60200affc2fe0165136ed3690faf00b66aed581a/javax.servlet-api-4.0.0.jar
7fc0c0007000-7fc0c0009000 r--s 00008000 08:04 679855                     /home/preston/.gradle/caches/modules-2/files-2.1/org.jetbrains.kotlin/kotlin-script-runtime/1.1.60/64c9714b95a3c6cc662c0b4185c6651d5bfb86c6/kotlin-script-runtime-1.1.60.jar
7fc0c0009000-7fc0c0018000 r--s 000c9000 08:04 687462                     /home/preston/.gradle/caches/modules-2/files-2.1/org.jetbrains.kotlin/kotlin-stdlib/1.1.61/fa7813a26c548c9c412dd2d42fb466cfcd8dcf3c/kotlin-stdlib-1.1.61.jar
7fc0c0018000-7fc0c0188000 rw-p 00000000 00:00 0 
7fc0c0188000-7fc0c0189000 ---p 00000000 00:00 0 
7fc0c0189000-7fc0c0289000 rw-p 00000000 00:00 0 
7fc0c0289000-7fc0c028a000 ---p 00000000 00:00 0 
7fc0c028a000-7fc0c038a000 rw-p 00000000 00:00 0 
7fc0c038a000-7fc0c038b000 ---p 00000000 00:00 0 
7fc0c038b000-7fc0c048b000 rw-p 00000000 00:00 0 
7fc0c048b000-7fc0c048c000 ---p 00000000 00:00 0 
7fc0c048c000-7fc0c058c000 rw-p 00000000 00:00 0 
7fc0c058c000-7fc0c058d000 ---p 00000000 00:00 0 
7fc0c058d000-7fc0c068d000 rw-p 00000000 00:00 0 
7fc0c068d000-7fc0c068e000 ---p 00000000 00:00 0 
7fc0c068e000-7fc0c078e000 rw-p 00000000 00:00 0 
7fc0c078e000-7fc0c078f000 ---p 00000000 00:00 0 
7fc0c078f000-7fc0c088f000 rw-p 00000000 00:00 0 
7fc0c088f000-7fc0c0890000 ---p 00000000 00:00 0 
7fc0c0890000-7fc0c09a8000 rw-p 00000000 00:00 0 
7fc0c09a8000-7fc0c0c23000 ---p 00000000 00:00 0 
7fc0c0c23000-7fc0c0c3b000 rw-p 00000000 00:00 0 
7fc0c0c3b000-7fc0c0eb5000 ---p 00000000 00:00 0 
7fc0c0eb5000-7fc0c0efb000 rw-p 00000000 00:00 0 
7fc0c0efb000-7fc0c0fff000 ---p 00000000 00:00 0 
7fc0c0fff000-7fc0c1000000 rw-p 00000000 00:00 0 
7fc0c1000000-7fc0c1740000 rwxp 00000000 00:00 0 
7fc0c1740000-7fc0d0000000 ---p 00000000 00:00 0 
7fc0d0000000-7fc0d0501000 rw-p 00000000 00:00 0 
7fc0d0501000-7fc0d4000000 ---p 00000000 00:00 0 
7fc0d4000000-7fc0d4001000 r--s 00002000 08:04 686410                     /home/preston/.gradle/caches/modules-2/files-2.1/com.google.errorprone/error_prone_annotations/2.0.19/c3754a0bdd545b00ddc26884f9e7624f8b6a14de/error_prone_annotations-2.0.19.jar
7fc0d4001000-7fc0d4003000 r--s 00009000 08:04 2623018                    /home/preston/.gradle/caches/modules-2/files-2.1/org.hamcrest/hamcrest-core/1.3/42a25dc3219429f0e5d060061f71acb49bf010a0/hamcrest-core-1.3.jar
7fc0d4003000-7fc0d400e000 r--s 0008c000 08:04 2622917                    /home/preston/.gradle/caches/modules-2/files-2.1/org.http4k/http4k-core/2.29.1/47368acec47200a6c2612c47001f45940922e1a6/http4k-core-2.29.1.jar
7fc0d400e000-7fc0d4016000 r--s 00045000 08:04 2623022                    /home/preston/.gradle/caches/modules-2/files-2.1/junit/junit/4.12/2973d150c0dc1fefe998f834810d68f278ea58ec/junit-4.12.jar
7fc0d4016000-7fc0d40ca000 rw-p 00000000 00:00 0 
7fc0d40ca000-7fc0d446d000 ---p 00000000 00:00 0 
7fc0d446d000-7fc0d4475000 r-xp 00000000 08:04 943427                     /usr/lib/jvm/java-8-openjdk/jre/lib/amd64/libzip.so
7fc0d4475000-7fc0d4674000 ---p 00008000 08:04 943427                     /usr/lib/jvm/java-8-openjdk/jre/lib/amd64/libzip.so
7fc0d4674000-7fc0d4675000 r--p 00007000 08:04 943427                     /usr/lib/jvm/java-8-openjdk/jre/lib/amd64/libzip.so
7fc0d4675000-7fc0d4676000 rw-p 00008000 08:04 943427                     /usr/lib/jvm/java-8-openjdk/jre/lib/amd64/libzip.so
7fc0d4676000-7fc0d4681000 r-xp 00000000 08:04 788637                     /usr/lib/libnss_files-2.26.so
7fc0d4681000-7fc0d4880000 ---p 0000b000 08:04 788637                     /usr/lib/libnss_files-2.26.so
7fc0d4880000-7fc0d4881000 r--p 0000a000 08:04 788637                     /usr/lib/libnss_files-2.26.so
7fc0d4881000-7fc0d4882000 rw-p 0000b000 08:04 788637                     /usr/lib/libnss_files-2.26.so
7fc0d4882000-7fc0d4888000 rw-p 00000000 00:00 0 
7fc0d4888000-7fc0d4893000 r-xp 00000000 08:04 788635                     /usr/lib/libnss_nis-2.26.so
7fc0d4893000-7fc0d4a92000 ---p 0000b000 08:04 788635                     /usr/lib/libnss_nis-2.26.so
7fc0d4a92000-7fc0d4a93000 r--p 0000a000 08:04 788635                     /usr/lib/libnss_nis-2.26.so
7fc0d4a93000-7fc0d4a94000 rw-p 0000b000 08:04 788635                     /usr/lib/libnss_nis-2.26.so
7fc0d4a94000-7fc0d4aa8000 r-xp 00000000 08:04 788626                     /usr/lib/libnsl-2.26.so
7fc0d4aa8000-7fc0d4ca8000 ---p 00014000 08:04 788626                     /usr/lib/libnsl-2.26.so
7fc0d4ca8000-7fc0d4ca9000 r--p 00014000 08:04 788626                     /usr/lib/libnsl-2.26.so
7fc0d4ca9000-7fc0d4caa000 rw-p 00015000 08:04 788626                     /usr/lib/libnsl-2.26.so
7fc0d4caa000-7fc0d4cac000 rw-p 00000000 00:00 0 
7fc0d4cac000-7fc0d4cb3000 r-xp 00000000 08:04 788640                     /usr/lib/libnss_compat-2.26.so
7fc0d4cb3000-7fc0d4eb2000 ---p 00007000 08:04 788640                     /usr/lib/libnss_compat-2.26.so
7fc0d4eb2000-7fc0d4eb3000 r--p 00006000 08:04 788640                     /usr/lib/libnss_compat-2.26.so
7fc0d4eb3000-7fc0d4eb4000 rw-p 00007000 08:04 788640                     /usr/lib/libnss_compat-2.26.so
7fc0d4eb4000-7fc0d4ee2000 r-xp 00000000 08:04 943411                     /usr/lib/jvm/java-8-openjdk/jre/lib/amd64/libjava.so
7fc0d4ee2000-7fc0d50e1000 ---p 0002e000 08:04 943411                     /usr/lib/jvm/java-8-openjdk/jre/lib/amd64/libjava.so
7fc0d50e1000-7fc0d50e2000 r--p 0002d000 08:04 943411                     /usr/lib/jvm/java-8-openjdk/jre/lib/amd64/libjava.so
7fc0d50e2000-7fc0d50e4000 rw-p 0002e000 08:04 943411                     /usr/lib/jvm/java-8-openjdk/jre/lib/amd64/libjava.so
7fc0d50e4000-7fc0d50f1000 r-xp 00000000 08:04 943401                     /usr/lib/jvm/java-8-openjdk/jre/lib/amd64/libverify.so
7fc0d50f1000-7fc0d52f0000 ---p 0000d000 08:04 943401                     /usr/lib/jvm/java-8-openjdk/jre/lib/amd64/libverify.so
7fc0d52f0000-7fc0d52f2000 r--p 0000c000 08:04 943401                     /usr/lib/jvm/java-8-openjdk/jre/lib/amd64/libverify.so
7fc0d52f2000-7fc0d52f3000 rw-p 0000e000 08:04 943401                     /usr/lib/jvm/java-8-openjdk/jre/lib/amd64/libverify.so
7fc0d52f3000-7fc0d52fa000 r-xp 00000000 08:04 788623                     /usr/lib/librt-2.26.so
7fc0d52fa000-7fc0d54f9000 ---p 00007000 08:04 788623                     /usr/lib/librt-2.26.so
7fc0d54f9000-7fc0d54fa000 r--p 00006000 08:04 788623                     /usr/lib/librt-2.26.so
7fc0d54fa000-7fc0d54fb000 rw-p 00007000 08:04 788623                     /usr/lib/librt-2.26.so
7fc0d54fb000-7fc0d5646000 r-xp 00000000 08:04 788632                     /usr/lib/libm-2.26.so
7fc0d5646000-7fc0d5845000 ---p 0014b000 08:04 788632                     /usr/lib/libm-2.26.so
7fc0d5845000-7fc0d5846000 r--p 0014a000 08:04 788632                     /usr/lib/libm-2.26.so
7fc0d5846000-7fc0d5847000 rw-p 0014b000 08:04 788632                     /usr/lib/libm-2.26.so
7fc0d5847000-7fc0d64ea000 r-xp 00000000 08:04 943432                     /usr/lib/jvm/java-8-openjdk/jre/lib/amd64/server/libjvm.so
7fc0d64ea000-7fc0d66ea000 ---p 00ca3000 08:04 943432                     /usr/lib/jvm/java-8-openjdk/jre/lib/amd64/server/libjvm.so
7fc0d66ea000-7fc0d677e000 r--p 00ca3000 08:04 943432                     /usr/lib/jvm/java-8-openjdk/jre/lib/amd64/server/libjvm.so
7fc0d677e000-7fc0d67a6000 rw-p 00d37000 08:04 943432                     /usr/lib/jvm/java-8-openjdk/jre/lib/amd64/server/libjvm.so
7fc0d67a6000-7fc0d67d7000 rw-p 00000000 00:00 0 
7fc0d67d7000-7fc0d6985000 r-xp 00000000 08:04 788694                     /usr/lib/libc-2.26.so
7fc0d6985000-7fc0d6b85000 ---p 001ae000 08:04 788694                     /usr/lib/libc-2.26.so
7fc0d6b85000-7fc0d6b89000 r--p 001ae000 08:04 788694                     /usr/lib/libc-2.26.so
7fc0d6b89000-7fc0d6b8b000 rw-p 001b2000 08:04 788694                     /usr/lib/libc-2.26.so
7fc0d6b8b000-7fc0d6b8f000 rw-p 00000000 00:00 0 
7fc0d6b8f000-7fc0d6b92000 r-xp 00000000 08:04 788633                     /usr/lib/libdl-2.26.so
7fc0d6b92000-7fc0d6d91000 ---p 00003000 08:04 788633                     /usr/lib/libdl-2.26.so
7fc0d6d91000-7fc0d6d92000 r--p 00002000 08:04 788633                     /usr/lib/libdl-2.26.so
7fc0d6d92000-7fc0d6d93000 rw-p 00003000 08:04 788633                     /usr/lib/libdl-2.26.so
7fc0d6d93000-7fc0d6da1000 r-xp 00000000 08:04 943435                     /usr/lib/jvm/java-8-openjdk/jre/lib/amd64/jli/libjli.so
7fc0d6da1000-7fc0d6fa0000 ---p 0000e000 08:04 943435                     /usr/lib/jvm/java-8-openjdk/jre/lib/amd64/jli/libjli.so
7fc0d6fa0000-7fc0d6fa1000 r--p 0000d000 08:04 943435                     /usr/lib/jvm/java-8-openjdk/jre/lib/amd64/jli/libjli.so
7fc0d6fa1000-7fc0d6fa2000 rw-p 0000e000 08:04 943435                     /usr/lib/jvm/java-8-openjdk/jre/lib/amd64/jli/libjli.so
7fc0d6fa2000-7fc0d6fb8000 r-xp 00000000 08:04 799781                     /usr/lib/libz.so.1.2.11
7fc0d6fb8000-7fc0d71b7000 ---p 00016000 08:04 799781                     /usr/lib/libz.so.1.2.11
7fc0d71b7000-7fc0d71b8000 r--p 00015000 08:04 799781                     /usr/lib/libz.so.1.2.11
7fc0d71b8000-7fc0d71b9000 rw-p 00016000 08:04 799781                     /usr/lib/libz.so.1.2.11
7fc0d71b9000-7fc0d71d2000 r-xp 00000000 08:04 788714                     /usr/lib/libpthread-2.26.so
7fc0d71d2000-7fc0d73d1000 ---p 00019000 08:04 788714                     /usr/lib/libpthread-2.26.so
7fc0d73d1000-7fc0d73d2000 r--p 00018000 08:04 788714                     /usr/lib/libpthread-2.26.so
7fc0d73d2000-7fc0d73d3000 rw-p 00019000 08:04 788714                     /usr/lib/libpthread-2.26.so
7fc0d73d3000-7fc0d73d7000 rw-p 00000000 00:00 0 
7fc0d73d7000-7fc0d73fc000 r-xp 00000000 08:04 788695                     /usr/lib/ld-2.26.so
7fc0d73fc000-7fc0d73fe000 r--s 0000e000 08:04 2622911                    /home/preston/.gradle/caches/modules-2/files-2.1/com.beust/klaxon/0.30/c37757a35ce0133a9c3f9bff06895187667f42fd/klaxon-0.30.jar
7fc0d73fe000-7fc0d73ff000 r--s 00000000 08:04 2386438                    /home/preston/.gradle/caches/modules-2/files-2.1/org.jetbrains.kotlin/kotlin-stdlib-jre7/1.1.61/59dfce93b1995717338435dd974884007d8e8474/kotlin-stdlib-jre7-1.1.61.jar
7fc0d73ff000-7fc0d7400000 r--s 00002000 08:04 690782                     /home/preston/.gradle/caches/modules-2/files-2.1/org.jetbrains.kotlin/kotlin-stdlib-jre8/1.1.61/7cb0d1b54614623a4b297af1eea7bc3aa0e9e63/kotlin-stdlib-jre8-1.1.61.jar
7fc0d7400000-7fc0d7401000 r--s 00001000 08:04 2622915                    /home/preston/.gradle/caches/modules-2/files-2.1/org.http4k/http4k-client-okhttp/2.29.1/2c468d28f18f6200de798655aa0c7decf04a7c48/http4k-client-okhttp-2.29.1.jar
7fc0d7401000-7fc0d7403000 r--s 00005000 08:04 2387757                    /home/preston/.gradle/caches/modules-2/files-2.1/org.jetbrains.kotlin/kotlin-test/1.1.60/85c9b86c3ef1251824915addd642f236182e5cb4/kotlin-test-1.1.60.jar
7fc0d7403000-7fc0d7407000 r--s 00025000 08:04 2640492                    /home/preston/.gradle/caches/modules-2/files-2.1/com.google.truth/truth/0.36/7485219d2c1d341097a19382c02bde07e69ff5d2/truth-0.36.jar
7fc0d7407000-7fc0d7413000 r--s 0007d000 08:04 2640602                    /home/preston/.gradle/caches/modules-2/files-2.1/com.prestongarno.ktq/ktq-client/0.3-SNAPSHOT/4ae1a4cdd522ca67b581582efe80a642ba3102d3/ktq-client-0.3-SNAPSHOT.jar
7fc0d7413000-7fc0d7416000 r--s 00031000 08:04 2640495                    /home/preston/.gradle/caches/modules-2/files-2.1/com.squareup/kotlinpoet/0.6.0/8b73bd42f56dcce19f067deafb46ef4be57e6ea7/kotlinpoet-0.6.0.jar
7fc0d7416000-7fc0d74ba000 rw-p 00000000 00:00 0 
7fc0d74ba000-7fc0d74bd000 ---p 00000000 00:00 0 
7fc0d74bd000-7fc0d75bd000 rw-p 00000000 00:00 0 
7fc0d75bd000-7fc0d75c3000 r--s 0004c000 08:04 686132                     /home/preston/.gradle/caches/modules-2/files-2.1/org.antlr/antlr4-runtime/4.7/30b13b7efc55b7feea667691509cf59902375001/antlr4-runtime-4.7.jar
7fc0d75c3000-7fc0d75c4000 r--s 00000000 08:04 1064185                    /home/preston/.gradle/wrapper/dists/gradle-4.1-all/bzyivzo6n839fup2jbap0tjew/gradle-4.1/lib/gradle-installation-beacon-4.1.jar
7fc0d75c4000-7fc0d75c7000 r--s 00013000 08:04 664544                     /home/preston/.gradle/caches/4.1/generated-gradle-jars/gradle-test-kit-4.1.jar
7fc0d75c7000-7fc0d75c8000 r--s 00006000 08:04 664323                     /home/preston/.gradle/caches/4.1/workerMain/gradle-worker.jar
7fc0d75c8000-7fc0d75ef000 rw-p 00000000 00:00 0 
7fc0d75ef000-7fc0d75f7000 rw-s 00000000 00:26 739489                     /tmp/hsperfdata_preston/14732
7fc0d75f7000-7fc0d75f8000 rw-p 00000000 00:00 0 
7fc0d75f8000-7fc0d75f9000 ---p 00000000 00:00 0 
7fc0d75f9000-7fc0d75fb000 rw-p 00000000 00:00 0 
7fc0d75fb000-7fc0d75fc000 r--p 00024000 08:04 788695                     /usr/lib/ld-2.26.so
7fc0d75fc000-7fc0d75fd000 rw-p 00025000 08:04 788695                     /usr/lib/ld-2.26.so
7fc0d75fd000-7fc0d75fe000 rw-p 00000000 00:00 0 
7ffff77e9000-7ffff780b000 rw-p 00000000 00:00 0                          [stack]
7ffff79f9000-7ffff79fc000 r--p 00000000 00:00 0                          [vvar]
7ffff79fc000-7ffff79fe000 r-xp 00000000 00:00 0                          [vdso]
ffffffffff600000-ffffffffff601000 r-xp 00000000 00:00 0                  [vsyscall]

VM Arguments:
jvm_args: -Djava.security.manager=worker.org.gradle.process.internal.worker.child.BootstrapSecurityManager -Dorg.gradle.native=false -Dfile.encoding=UTF-8 -Duser.country=US -Duser.language=en -Duser.variant -ea 
java_command: worker.org.gradle.process.internal.worker.GradleWorkerMain 'Gradle Test Executor 10'
java_class_path (initial): /home/preston/.gradle/caches/4.1/workerMain/gradle-worker.jar
Launcher Type: SUN_STANDARD

Environment Variables:
JAVA_HOME=/usr/lib/jvm/default/
PATH=/usr/local/sbin:/usr/local/bin:/usr/bin:/usr/lib/jvm/default/bin:/usr/bin/site_perl:/usr/bin/vendor_perl:/usr/bin/core_perl:/opt/staruml/:/home/preston/.fzf/bin
SHELL=/bin/zsh
DISPLAY=:0

Signal Handlers:
SIGSEGV: [libjvm.so+0xaa46c0], sa_mask[0]=11111111011111111101111111111110, sa_flags=SA_RESTART|SA_SIGINFO
SIGBUS: [libjvm.so+0xaa46c0], sa_mask[0]=11111111011111111101111111111110, sa_flags=SA_RESTART|SA_SIGINFO
SIGFPE: [libjvm.so+0x8dc3d0], sa_mask[0]=11111111011111111101111111111110, sa_flags=SA_RESTART|SA_SIGINFO
SIGPIPE: [libjvm.so+0x8dc3d0], sa_mask[0]=11111111011111111101111111111110, sa_flags=SA_RESTART|SA_SIGINFO
SIGXFSZ: [libjvm.so+0x8dc3d0], sa_mask[0]=11111111011111111101111111111110, sa_flags=SA_RESTART|SA_SIGINFO
SIGILL: [libjvm.so+0x8dc3d0], sa_mask[0]=11111111011111111101111111111110, sa_flags=SA_RESTART|SA_SIGINFO
SIGUSR1: SIG_DFL, sa_mask[0]=00000000000000000000000000000000, sa_flags=none
SIGUSR2: [libjvm.so+0x8dc280], sa_mask[0]=00100000000000000000000000000000, sa_flags=SA_RESTART|SA_SIGINFO
SIGHUP: [libjvm.so+0x8dc730], sa_mask[0]=11111111011111111101111111111110, sa_flags=SA_RESTART|SA_SIGINFO
SIGINT: [libjvm.so+0x8dc730], sa_mask[0]=11111111011111111101111111111110, sa_flags=SA_RESTART|SA_SIGINFO
SIGTERM: [libjvm.so+0x8dc730], sa_mask[0]=11111111011111111101111111111110, sa_flags=SA_RESTART|SA_SIGINFO
SIGQUIT: [libjvm.so+0x8dc730], sa_mask[0]=11111111011111111101111111111110, sa_flags=SA_RESTART|SA_SIGINFO


---------------  S Y S T E M  ---------------

OS:LSB_VERSION=1.4
DISTRIB_ID=Arch
DISTRIB_RELEASE=rolling
DISTRIB_DESCRIPTION="Arch Linux"

uname:Linux 4.13.12-1-ARCH #1 SMP PREEMPT Wed Nov 8 11:54:06 CET 2017 x86_64
libc:glibc 2.26 NPTL 2.26 
rlimit: STACK 8192k, CORE infinity, NPROC 31326, NOFILE 4096, AS infinity
load average:0.80 0.54 1.39

/proc/meminfo:
MemTotal:        8089188 kB
MemFree:          131852 kB
MemAvailable:      21992 kB
Buffers:            1304 kB
Cached:            49844 kB
SwapCached:            0 kB
Active:          7635080 kB
Inactive:          36868 kB
Active(anon):    7628648 kB
Inactive(anon):    25880 kB
Active(file):       6432 kB
Inactive(file):    10988 kB
Unevictable:           0 kB
Mlocked:               0 kB
SwapTotal:             0 kB
SwapFree:              0 kB
Dirty:                52 kB
Writeback:             0 kB
AnonPages:       7621104 kB
Mapped:            32584 kB
Shmem:             33476 kB
Slab:              87832 kB
SReclaimable:      41856 kB
SUnreclaim:        45976 kB
KernelStack:       14096 kB
PageTables:        60360 kB
NFS_Unstable:          0 kB
Bounce:                0 kB
WritebackTmp:          0 kB
CommitLimit:     4044592 kB
Committed_AS:   12819100 kB
VmallocTotal:   34359738367 kB
VmallocUsed:           0 kB
VmallocChunk:          0 kB
HardwareCorrupted:     0 kB
AnonHugePages:   3727360 kB
ShmemHugePages:        0 kB
ShmemPmdMapped:        0 kB
HugePages_Total:       0
HugePages_Free:        0
HugePages_Rsvd:        0
HugePages_Surp:        0
Hugepagesize:       2048 kB
DirectMap4k:      283636 kB
DirectMap2M:     8015872 kB


CPU:total 8 (initial active 8) (4 cores per cpu, 2 threads per core) family 6 model 42 stepping 7, cmov, cx8, fxsr, mmx, sse, sse2, sse3, ssse3, sse4.1, sse4.2, popcnt, avx, aes, clmul, ht, tsc, tscinvbit

/proc/cpuinfo:
processor	: 0
vendor_id	: GenuineIntel
cpu family	: 6
model		: 42
model name	: Intel(R) Core(TM) i7-2820QM CPU @ 2.30GHz
stepping	: 7
microcode	: 0x1a
cpu MHz		: 1045.975
cache size	: 8192 KB
physical id	: 0
siblings	: 8
core id		: 0
cpu cores	: 4
apicid		: 0
initial apicid	: 0
fpu		: yes
fpu_exception	: yes
cpuid level	: 13
wp		: yes
flags		: fpu vme de pse tsc msr pae mce cx8 apic sep mtrr pge mca cmov pat pse36 clflush dts acpi mmx fxsr sse sse2 ss ht tm pbe syscall nx rdtscp lm constant_tsc arch_perfmon pebs bts rep_good nopl xtopology nonstop_tsc cpuid aperfmperf pni pclmulqdq dtes64 monitor ds_cpl vmx smx est tm2 ssse3 cx16 xtpr pdcm pcid sse4_1 sse4_2 x2apic popcnt tsc_deadline_timer aes xsave avx lahf_lm tpr_shadow vnmi flexpriority ept vpid xsaveopt dtherm ida arat pln pts
bugs		:
bogomips	: 4601.34
clflush size	: 64
cache_alignment	: 64
address sizes	: 36 bits physical, 48 bits virtual
power management:

processor	: 1
vendor_id	: GenuineIntel
cpu family	: 6
model		: 42
model name	: Intel(R) Core(TM) i7-2820QM CPU @ 2.30GHz
stepping	: 7
microcode	: 0x1a
cpu MHz		: 1421.252
cache size	: 8192 KB
physical id	: 0
siblings	: 8
core id		: 1
cpu cores	: 4
apicid		: 2
initial apicid	: 2
fpu		: yes
fpu_exception	: yes
cpuid level	: 13
wp		: yes
flags		: fpu vme de pse tsc msr pae mce cx8 apic sep mtrr pge mca cmov pat pse36 clflush dts acpi mmx fxsr sse sse2 ss ht tm pbe syscall nx rdtscp lm constant_tsc arch_perfmon pebs bts rep_good nopl xtopology nonstop_tsc cpuid aperfmperf pni pclmulqdq dtes64 monitor ds_cpl vmx smx est tm2 ssse3 cx16 xtpr pdcm pcid sse4_1 sse4_2 x2apic popcnt tsc_deadline_timer aes xsave avx lahf_lm tpr_shadow vnmi flexpriority ept vpid xsaveopt dtherm ida arat pln pts
bugs		:
bogomips	: 4602.73
clflush size	: 64
cache_alignment	: 64
address sizes	: 36 bits physical, 48 bits virtual
power management:

processor	: 2
vendor_id	: GenuineIntel
cpu family	: 6
model		: 42
model name	: Intel(R) Core(TM) i7-2820QM CPU @ 2.30GHz
stepping	: 7
microcode	: 0x1a
cpu MHz		: 812.641
cache size	: 8192 KB
physical id	: 0
siblings	: 8
core id		: 2
cpu cores	: 4
apicid		: 4
initial apicid	: 4
fpu		: yes
fpu_exception	: yes
cpuid level	: 13
wp		: yes
flags		: fpu vme de pse tsc msr pae mce cx8 apic sep mtrr pge mca cmov pat pse36 clflush dts acpi mmx fxsr sse sse2 ss ht tm pbe syscall nx rdtscp lm constant_tsc arch_perfmon pebs bts rep_good nopl xtopology nonstop_tsc cpuid aperfmperf pni pclmulqdq dtes64 monitor ds_cpl vmx smx est tm2 ssse3 cx16 xtpr pdcm pcid sse4_1 sse4_2 x2apic popcnt tsc_deadline_timer aes xsave avx lahf_lm tpr_shadow vnmi flexpriority ept vpid xsaveopt dtherm ida arat pln pts
bugs		:
bogomips	: 4602.82
clflush size	: 64
cache_alignment	: 64
address sizes	: 36 bits physical, 48 bits virtual
power management:

processor	: 3
vendor_id	: GenuineIntel
cpu family	: 6
model		: 42
model name	: Intel(R) Core(TM) i7-2820QM CPU @ 2.30GHz
stepping	: 7
microcode	: 0x1a
cpu MHz		: 936.436
cache size	: 8192 KB
physical id	: 0
siblings	: 8
core id		: 3
cpu cores	: 4
apicid		: 6
initial apicid	: 6
fpu		: yes
fpu_exception	: yes
cpuid level	: 13
wp		: yes
flags		: fpu vme de pse tsc msr pae mce cx8 apic sep mtrr pge mca cmov pat pse36 clflush dts acpi mmx fxsr sse sse2 ss ht tm pbe syscall nx rdtscp lm constant_tsc arch_perfmon pebs bts rep_good nopl xtopology nonstop_tsc cpuid aperfmperf pni pclmulqdq dtes64 monitor ds_cpl vmx smx est tm2 ssse3 cx16 xtpr pdcm pcid sse4_1 sse4_2 x2apic popcnt tsc_deadline_timer aes xsave avx lahf_lm tpr_shadow vnmi flexpriority ept vpid xsaveopt dtherm ida arat pln pts
bugs		:
bogomips	: 4602.77
clflush size	: 64
cache_alignment	: 64
address sizes	: 36 bits physical, 48 bits virtual
power management:

processor	: 4
vendor_id	: GenuineIntel
cpu family	: 6
model		: 42
model name	: Intel(R) Core(TM) i7-2820QM CPU @ 2.30GHz
stepping	: 7
microcode	: 0x1a
cpu MHz		: 1245.148
cache size	: 8192 KB
physical id	: 0
siblings	: 8
core id		: 0
cpu cores	: 4
apicid		: 1
initial apicid	: 1
fpu		: yes
fpu_exception	: yes
cpuid level	: 13
wp		: yes
flags		: fpu vme de pse tsc msr pae mce cx8 apic sep mtrr pge mca cmov pat pse36 clflush dts acpi mmx fxsr sse sse2 ss ht tm pbe syscall nx rdtscp lm constant_tsc arch_perfmon pebs bts rep_good nopl xtopology nonstop_tsc cpuid aperfmperf pni pclmulqdq dtes64 monitor ds_cpl vmx smx est tm2 ssse3 cx16 xtpr pdcm pcid sse4_1 sse4_2 x2apic popcnt tsc_deadline_timer aes xsave avx lahf_lm tpr_shadow vnmi flexpriority ept vpid xsaveopt dtherm ida arat pln pts
bugs		:
bogomips	: 4603.58
clflush size	: 64
cache_alignment	: 64
address sizes	: 36 bits physical, 48 bits virtual
power management:

processor	: 5
vendor_id	: GenuineIntel
cpu family	: 6
model		: 42
model name	: Intel(R) Core(TM) i7-2820QM CPU @ 2.30GHz
stepping	: 7
microcode	: 0x1a
cpu MHz		: 983.566
cache size	: 8192 KB
physical id	: 0
siblings	: 8
core id		: 1
cpu cores	: 4
apicid		: 3
initial apicid	: 3
fpu		: yes
fpu_exception	: yes
cpuid level	: 13
wp		: yes
flags		: fpu vme de pse tsc msr pae mce cx8 apic sep mtrr pge mca cmov pat pse36 clflush dts acpi mmx fxsr sse sse2 ss ht tm pbe syscall nx rdtscp lm constant_tsc arch_perfmon pebs bts rep_good nopl xtopology nonstop_tsc cpuid aperfmperf pni pclmulqdq dtes64 monitor ds_cpl vmx smx est tm2 ssse3 cx16 xtpr pdcm pcid sse4_1 sse4_2 x2apic popcnt tsc_deadline_timer aes xsave avx lahf_lm tpr_shadow vnmi flexpriority ept vpid xsaveopt dtherm ida arat pln pts
bugs		:
bogomips	: 4603.91
clflush size	: 64
cache_alignment	: 64
address sizes	: 36 bits physical, 48 bits virtual
power management:

processor	: 6
vendor_id	: GenuineIntel
cpu family	: 6
model		: 42
model name	: Intel(R) Core(TM) i7-2820QM CPU @ 2.30GHz
stepping	: 7
microcode	: 0x1a
cpu MHz		: 970.663
cache size	: 8192 KB
physical id	: 0
siblings	: 8
core id		: 2
cpu cores	: 4
apicid		: 5
initial apicid	: 5
fpu		: yes
fpu_exception	: yes
cpuid level	: 13
wp		: yes
flags		: fpu vme de pse tsc msr pae mce cx8 apic sep mtrr pge mca cmov pat pse36 clflush dts acpi mmx fxsr sse sse2 ss ht tm pbe syscall nx rdtscp lm constant_tsc arch_perfmon pebs bts rep_good nopl xtopology nonstop_tsc cpuid aperfmperf pni pclmulqdq dtes64 monitor ds_cpl vmx smx est tm2 ssse3 cx16 xtpr pdcm pcid sse4_1 sse4_2 x2apic popcnt tsc_deadline_timer aes xsave avx lahf_lm tpr_shadow vnmi flexpriority ept vpid xsaveopt dtherm ida arat pln pts
bugs		:
bogomips	: 4603.94
clflush size	: 64
cache_alignment	: 64
address sizes	: 36 bits physical, 48 bits virtual
power management:

processor	: 7
vendor_id	: GenuineIntel
cpu family	: 6
model		: 42
model name	: Intel(R) Core(TM) i7-2820QM CPU @ 2.30GHz
stepping	: 7
microcode	: 0x1a
cpu MHz		: 799.826
cache size	: 8192 KB
physical id	: 0
siblings	: 8
core id		: 3
cpu cores	: 4
apicid		: 7
initial apicid	: 7
fpu		: yes
fpu_exception	: yes
cpuid level	: 13
wp		: yes
flags		: fpu vme de pse tsc msr pae mce cx8 apic sep mtrr pge mca cmov pat pse36 clflush dts acpi mmx fxsr sse sse2 ss ht tm pbe syscall nx rdtscp lm constant_tsc arch_perfmon pebs bts rep_good nopl xtopology nonstop_tsc cpuid aperfmperf pni pclmulqdq dtes64 monitor ds_cpl vmx smx est tm2 ssse3 cx16 xtpr pdcm pcid sse4_1 sse4_2 x2apic popcnt tsc_deadline_timer aes xsave avx lahf_lm tpr_shadow vnmi flexpriority ept vpid xsaveopt dtherm ida arat pln pts
bugs		:
bogomips	: 4603.91
clflush size	: 64
cache_alignment	: 64
address sizes	: 36 bits physical, 48 bits virtual
power management:



Memory: 4k page, physical 8089188k(124784k free), swap 0k(0k free)

vm_info: OpenJDK 64-Bit Server VM (25.144-b01) for linux-amd64 JRE (1.8.0_144-b01), built on Jul 28 2017 20:07:18 by "builduser" with gcc 7.1.1 20170630

time: Mon Nov 27 00:36:35 2017
elapsed time: 3 seconds (0d 0h 0m 3s)

